First Set:
E: ( num 
E': + - e 
T: ( num 
T': * / e 
F: ( num 
+: + 
-: - 
*: * 
/: / 
(: ( 
): ) 
num: num 
e: e 
$: $ 
Follow Set:
E: $ ) 
E': $ ) 
T: + - $ ) 
T': + - $ ) 
F: * / + - $ ) 
Predict Table:
  + - * / ( ) num e 
E -1 -1 -1 -1 0 -2 0 -1 
E' 1 2 -1 -1 -1 3 -1 -1 
T 3 -2 -1 -1 4 -2 4 -1 
T' 7 7 5 6 -1 7 -1 -1 
F 7 -2 -2 -2 8 -2 9 -1 
[Stack]: $E
[Left string]: (1+2+(3*4)$
[Action]:  E->TE'

[Stack]: $E'T
[Left string]: (1+2+(3*4)$
[Action]:  T->FT'

[Stack]: $E'T'F
[Left string]: (1+2+(3*4)$
[Action]:  F->(E)

[Stack]: $E'T')E(
[Left string]: (1+2+(3*4)$
[Action]: Reduce (

[Stack]: $E'T')E
[Left string]: 1+2+(3*4)$
[Action]:  E->TE'

[Stack]: $E'T')E'T
[Left string]: 1+2+(3*4)$
[Action]:  T->FT'

[Stack]: $E'T')E'T'F
[Left string]: 1+2+(3*4)$
[Action]:  F->num

[Stack]: $E'T')E'T'num
[Left string]: 1+2+(3*4)$
[Action]: Reduce 1

[Stack]: $E'T')E'T'
[Left string]: +2+(3*4)$
[Action]:  T'->e

[Stack]: $E'T')E'
[Left string]: +2+(3*4)$
[Action]:  E'->+TE'

[Stack]: $E'T')E'T+
[Left string]: +2+(3*4)$
[Action]: Reduce +

[Stack]: $E'T')E'T
[Left string]: 2+(3*4)$
[Action]:  T->FT'

[Stack]: $E'T')E'T'F
[Left string]: 2+(3*4)$
[Action]:  F->num

[Stack]: $E'T')E'T'num
[Left string]: 2+(3*4)$
[Action]: Reduce 2

[Stack]: $E'T')E'T'
[Left string]: +(3*4)$
[Action]:  T'->e

[Stack]: $E'T')E'
[Left string]: +(3*4)$
[Action]:  E'->+TE'

[Stack]: $E'T')E'T+
[Left string]: +(3*4)$
[Action]: Reduce +

[Stack]: $E'T')E'T
[Left string]: (3*4)$
[Action]:  T->FT'

[Stack]: $E'T')E'T'F
[Left string]: (3*4)$
[Action]:  F->(E)

[Stack]: $E'T')E'T')E(
[Left string]: (3*4)$
[Action]: Reduce (

[Stack]: $E'T')E'T')E
[Left string]: 3*4)$
[Action]:  E->TE'

[Stack]: $E'T')E'T')E'T
[Left string]: 3*4)$
[Action]:  T->FT'

[Stack]: $E'T')E'T')E'T'F
[Left string]: 3*4)$
[Action]:  F->num

[Stack]: $E'T')E'T')E'T'num
[Left string]: 3*4)$
[Action]: Reduce 3

[Stack]: $E'T')E'T')E'T'
[Left string]: *4)$
[Action]:  T'->*FT'

[Stack]: $E'T')E'T')E'T'F*
[Left string]: *4)$
[Action]: Reduce *

[Stack]: $E'T')E'T')E'T'F
[Left string]: 4)$
[Action]:  F->num

[Stack]: $E'T')E'T')E'T'num
[Left string]: 4)$
[Action]: Reduce 4

[Stack]: $E'T')E'T')E'T'
[Left string]: )$
[Action]:  T'->e

[Stack]: $E'T')E'T')E'
[Left string]: )$
[Action]:  E'->e

[Stack]: $E'T')E'T')
[Left string]: )$
[Action]: Reduce )

[Stack]: $E'T')E'T'
[Left string]: $
[Action]:  T'->e

[Stack]: $E'T')E'
[Left string]: $
[Action]:  E'->e

[Stack]: $E'T')
[Left string]: $
[Action]: Unexpected character $, popping stack...

[Stack]: $E'T'
[Left string]: $
[Action]:  T'->e

[Stack]: $E'
[Left string]: $
[Action]:  E'->e

[Stack]: $
[Left string]: $
[Action]: Reduce $

Deny.
