Predict Table:
  E  T  F  a  b  (  )  num  $  
0 1 2 3 -1 -1 S4 -1 S5 -1 
1 -1 -1 -1 S6 -1 -1 -1 -1 ACC0 
2 -1 -1 -1 R2 S7 -1 R2 -1 R2 
3 -1 -1 -1 R4 R4 -1 R4 -1 R4 
4 8 2 3 -1 -1 S4 -1 S5 -1 
5 -1 -1 -1 R6 R6 -1 R6 -1 R6 
6 -1 9 3 -1 -1 S4 -1 S5 -1 
7 -1 -1 10 -1 -1 S4 -1 S5 -1 
8 -1 -1 -1 S6 -1 -1 S11 -1 -1 
9 -1 -1 -1 R1 S7 -1 R1 -1 R1 
10 -1 -1 -1 R3 R3 -1 R3 -1 R3 
11 -1 -1 -1 R5 R5 -1 R5 -1 R5 
[StateStack]: 0 
[SymbolStack]: $ 
[Left string]: 3**4+(5&*6)$
[Action]: Shift 5

[StateStack]: 0 5 
[SymbolStack]: $ num 
[Left string]: **4+(5&*6)$
[Action]: Reduce 6

[StateStack]: 0 3 
[SymbolStack]: $ F 
[Left string]: **4+(5&*6)$
[Action]: Reduce 4

[StateStack]: 0 2 
[SymbolStack]: $ T 
[Left string]: **4+(5&*6)$
[Action]: Shift 7

[StateStack]: 0 2 7 
[SymbolStack]: $ T b 
[Left string]: *4+(5&*6)$
[Action]: Error -1
Syntax Error at 3
Deny.